<?xml version="1.0" encoding="UTF-8"?>
<testsuite name="TestSuite" time="36.859" tests="8" errors="0" skipped="0" failures="0">
  <properties>
[...]
</properties>
  <testcase name="testCreateNewRepeatingInvoice" classname="com.xero.app.selenium.NewRepeatingInvoiceTest" time="10.249"/>
  <testcase name="testApproveInvoice" classname="com.xero.app.selenium.ApproveInvoiceTest" time="5.082"/>
  <testcase name="testSearchInvoice" classname="com.xero.app.selenium.SearchInvoiceTest" time="3.886"/>
  <testcase name="testSearchInvalidInputs" classname="com.xero.app.selenium.SearchInvoiceInvalidInputsTest" time="7.321"/>
  <testcase name="testHistoryNote" classname="com.xero.app.selenium.HistoryNoteNewRepeatingInvoiceTest" time="1.179"/>
  <testcase name="checkWhatsthis" classname="com.xero.app.selenium.HelpinNewRepeatingInvoiceTest" time="2.163"/>
  <testcase name="testNextInvoiceDate" classname="com.xero.app.selenium.InvoiceDateNewRepeatingInvoiceTest" time="2.66"/>
  <testcase name="testDeleteInvoice" classname="com.xero.app.selenium.DeleteInvoiceTest" time="4.319"/>
</testsuite>