<?xml version="1.0" encoding="UTF-8"?>
<!-- Generated by org.testng.reporters.JUnitXMLReporter -->
<testsuite hostname="chara" name="Repeating invoice page" tests="8" failures="0" timestamp="18 Aug 2014 12:00:18 GMT" time="356.521" errors="0">
  <testcase name="testCreateNewRepeatingInvoice" time="10.24" classname="com.xero.app.selenium.NewRepeatingInvoiceTest"/>
  <testcase name="testApproveInvoice" time="5.081" classname="com.xero.app.selenium.ApproveInvoiceTest"/>
  <testcase name="testSearchInvoice" time="3.885" classname="com.xero.app.selenium.SearchInvoiceTest"/>
  <testcase name="testSearchInvalidInputs" time="7.322" classname="com.xero.app.selenium.SearchInvoiceInvalidInputsTest"/>
  <testcase name="testHistoryNote" time="1.173" classname="com.xero.app.selenium.HistoryNoteNewRepeatingInvoiceTest"/>
  <testcase name="checkWhatsthis" time="2.163" classname="com.xero.app.selenium.HelpinNewRepeatingInvoiceTest"/>
  <testcase name="testNextInvoiceDate" time="2.662" classname="com.xero.app.selenium.InvoiceDateNewRepeatingInvoiceTest"/>
  <testcase name="testDeleteInvoice" time="4.319" classname="com.xero.app.selenium.DeleteInvoiceTest"/>
</testsuite>
